
> motion-connect@0.1.0 dev
> next dev

  ▲ Next.js 14.2.15
  - Local:        http://localhost:3000
  - Environments: .env.local

 ✓ Starting...
 ✓ Ready in 1137ms
 ✓ Compiled /src/middleware in 189ms (72 modules)
 ○ Compiling /api/admin/approve-request ...
 ✓ Compiled /api/admin/approve-request in 3.4s (1222 modules)
🔍 approve-request POST 요청 수신: {
  url: 'http://localhost:3000/api/admin/approve-request',
  method: 'POST',
  timestamp: '2025-08-03T14:50:24.551Z'
}
📋 요청 파라미터: { requestId: 'test', action: 'approve', adminNote: undefined }
 POST /api/admin/approve-request 401 in 3512ms
 ✓ Compiled in 39ms
 ✓ Compiled /api/admin/approve-request in 229ms (1221 modules)
 ⨯ Error: Cannot find module './chunks/vendor-chunks/googleapis.js'
Require stack:
- /Users/lewis/Desktop/HR System/motion-connect/.next/server/webpack-runtime.js
- /Users/lewis/Desktop/HR System/motion-connect/.next/server/app/api/admin/approve-request/route.js
- /Users/lewis/Desktop/HR System/motion-connect/node_modules/next/dist/server/require.js
- /Users/lewis/Desktop/HR System/motion-connect/node_modules/next/dist/server/load-components.js
- /Users/lewis/Desktop/HR System/motion-connect/node_modules/next/dist/build/utils.js
- /Users/lewis/Desktop/HR System/motion-connect/node_modules/next/dist/server/dev/hot-middleware.js
- /Users/lewis/Desktop/HR System/motion-connect/node_modules/next/dist/server/dev/hot-reloader-webpack.js
- /Users/lewis/Desktop/HR System/motion-connect/node_modules/next/dist/server/lib/router-utils/setup-dev-bundler.js
- /Users/lewis/Desktop/HR System/motion-connect/node_modules/next/dist/server/lib/router-server.js
- /Users/lewis/Desktop/HR System/motion-connect/node_modules/next/dist/server/lib/start-server.js
    at Function.<anonymous> (node:internal/modules/cjs/loader:1401:15)
    at /Users/lewis/Desktop/HR System/motion-connect/node_modules/next/dist/server/require-hook.js:55:36
    at defaultResolveImpl (node:internal/modules/cjs/loader:1057:19)
    at resolveForCJSWithHooks (node:internal/modules/cjs/loader:1062:22)
    at Function._load (node:internal/modules/cjs/loader:1211:37)
    at TracingChannel.traceSync (node:diagnostics_channel:322:14)
    at wrapModuleLoad (node:internal/modules/cjs/loader:235:24)
    at Module.<anonymous> (node:internal/modules/cjs/loader:1487:12)
    at mod.require (/Users/lewis/Desktop/HR System/motion-connect/node_modules/next/dist/server/require-hook.js:65:28)
    at require (node:internal/modules/helpers:135:16)
    at t.f.require (/Users/lewis/Desktop/HR System/motion-connect/.next/server/webpack-runtime.js:1:1418)
    at /Users/lewis/Desktop/HR System/motion-connect/.next/server/webpack-runtime.js:1:889
    at Array.reduce (<anonymous>)
    at t.e (/Users/lewis/Desktop/HR System/motion-connect/.next/server/webpack-runtime.js:1:868)
    at Array.map (<anonymous>)
    at t.X (/Users/lewis/Desktop/HR System/motion-connect/.next/server/webpack-runtime.js:1:1189)
    at /Users/lewis/Desktop/HR System/motion-connect/.next/server/app/api/admin/approve-request/route.js:548:47
    at Object.<anonymous> (/Users/lewis/Desktop/HR System/motion-connect/.next/server/app/api/admin/approve-request/route.js:551:3)
    at Module._compile (node:internal/modules/cjs/loader:1730:14)
    at Object..js (node:internal/modules/cjs/loader:1895:10)
    at Module.load (node:internal/modules/cjs/loader:1465:32)
    at Function._load (node:internal/modules/cjs/loader:1282:12)
    at TracingChannel.traceSync (node:diagnostics_channel:322:14)
    at wrapModuleLoad (node:internal/modules/cjs/loader:235:24)
    at Module.<anonymous> (node:internal/modules/cjs/loader:1487:12)
    at mod.require (/Users/lewis/Desktop/HR System/motion-connect/node_modules/next/dist/server/require-hook.js:65:28)
    at require (node:internal/modules/helpers:135:16)
    at requirePage (/Users/lewis/Desktop/HR System/motion-connect/node_modules/next/dist/server/require.js:109:84)
    at /Users/lewis/Desktop/HR System/motion-connect/node_modules/next/dist/server/load-components.js:98:84
    at async loadComponentsImpl (/Users/lewis/Desktop/HR System/motion-connect/node_modules/next/dist/server/load-components.js:98:26)
    at async DevServer.findPageComponentsImpl (/Users/lewis/Desktop/HR System/motion-connect/node_modules/next/dist/server/next-server.js:709:36)
    at async DevServer.findPageComponents (/Users/lewis/Desktop/HR System/motion-connect/node_modules/next/dist/server/dev/next-dev-server.js:577:20)
    at async DevServer.renderPageComponent (/Users/lewis/Desktop/HR System/motion-connect/node_modules/next/dist/server/base-server.js:1894:24)
    at async DevServer.renderToResponseImpl (/Users/lewis/Desktop/HR System/motion-connect/node_modules/next/dist/server/base-server.js:1946:32)
    at async DevServer.pipeImpl (/Users/lewis/Desktop/HR System/motion-connect/node_modules/next/dist/server/base-server.js:921:25)
    at async NextNodeServer.handleCatchallRenderRequest (/Users/lewis/Desktop/HR System/motion-connect/node_modules/next/dist/server/next-server.js:272:17)
    at async DevServer.handleRequestImpl (/Users/lewis/Desktop/HR System/motion-connect/node_modules/next/dist/server/base-server.js:817:17)
    at async /Users/lewis/Desktop/HR System/motion-connect/node_modules/next/dist/server/dev/next-dev-server.js:339:20
    at async Span.traceAsyncFn (/Users/lewis/Desktop/HR System/motion-connect/node_modules/next/dist/trace/trace.js:154:20)
    at async DevServer.handleRequest (/Users/lewis/Desktop/HR System/motion-connect/node_modules/next/dist/server/dev/next-dev-server.js:336:24)
    at async invokeRender (/Users/lewis/Desktop/HR System/motion-connect/node_modules/next/dist/server/lib/router-server.js:173:21)
    at async handleRequest (/Users/lewis/Desktop/HR System/motion-connect/node_modules/next/dist/server/lib/router-server.js:350:24)
    at async requestHandlerImpl (/Users/lewis/Desktop/HR System/motion-connect/node_modules/next/dist/server/lib/router-server.js:374:13)
    at async Server.requestListener (/Users/lewis/Desktop/HR System/motion-connect/node_modules/next/dist/server/lib/start-server.js:141:13) {
  code: 'MODULE_NOT_FOUND',
  requireStack: [
    '/Users/lewis/Desktop/HR System/motion-connect/.next/server/webpack-runtime.js',
    '/Users/lewis/Desktop/HR System/motion-connect/.next/server/app/api/admin/approve-request/route.js',
    '/Users/lewis/Desktop/HR System/motion-connect/node_modules/next/dist/server/require.js',
    '/Users/lewis/Desktop/HR System/motion-connect/node_modules/next/dist/server/load-components.js',
    '/Users/lewis/Desktop/HR System/motion-connect/node_modules/next/dist/build/utils.js',
    '/Users/lewis/Desktop/HR System/motion-connect/node_modules/next/dist/server/dev/hot-middleware.js',
    '/Users/lewis/Desktop/HR System/motion-connect/node_modules/next/dist/server/dev/hot-reloader-webpack.js',
    '/Users/lewis/Desktop/HR System/motion-connect/node_modules/next/dist/server/lib/router-utils/setup-dev-bundler.js',
    '/Users/lewis/Desktop/HR System/motion-connect/node_modules/next/dist/server/lib/router-server.js',
    '/Users/lewis/Desktop/HR System/motion-connect/node_modules/next/dist/server/lib/start-server.js'
  ],
  page: '/api/admin/approve-request'
}
 ○ Compiling /_error ...
 ✓ Compiled /_error in 944ms (1649 modules)
 ⨯ Error: Cannot find module './chunks/vendor-chunks/next.js'
Require stack:
- /Users/lewis/Desktop/HR System/motion-connect/.next/server/webpack-runtime.js
- /Users/lewis/Desktop/HR System/motion-connect/.next/server/pages/_document.js
- /Users/lewis/Desktop/HR System/motion-connect/node_modules/next/dist/server/require.js
- /Users/lewis/Desktop/HR System/motion-connect/node_modules/next/dist/server/load-components.js
- /Users/lewis/Desktop/HR System/motion-connect/node_modules/next/dist/build/utils.js
- /Users/lewis/Desktop/HR System/motion-connect/node_modules/next/dist/server/dev/hot-middleware.js
- /Users/lewis/Desktop/HR System/motion-connect/node_modules/next/dist/server/dev/hot-reloader-webpack.js
- /Users/lewis/Desktop/HR System/motion-connect/node_modules/next/dist/server/lib/router-utils/setup-dev-bundler.js
- /Users/lewis/Desktop/HR System/motion-connect/node_modules/next/dist/server/lib/router-server.js
- /Users/lewis/Desktop/HR System/motion-connect/node_modules/next/dist/server/lib/start-server.js
    at Function.<anonymous> (node:internal/modules/cjs/loader:1401:15)
    at /Users/lewis/Desktop/HR System/motion-connect/node_modules/next/dist/server/require-hook.js:55:36
    at defaultResolveImpl (node:internal/modules/cjs/loader:1057:19)
    at resolveForCJSWithHooks (node:internal/modules/cjs/loader:1062:22)
    at Function._load (node:internal/modules/cjs/loader:1211:37)
    at TracingChannel.traceSync (node:diagnostics_channel:322:14)
    at wrapModuleLoad (node:internal/modules/cjs/loader:235:24)
    at Module.<anonymous> (node:internal/modules/cjs/loader:1487:12)
    at mod.require (/Users/lewis/Desktop/HR System/motion-connect/node_modules/next/dist/server/require-hook.js:65:28)
    at require (node:internal/modules/helpers:135:16)
    at t.f.require (/Users/lewis/Desktop/HR System/motion-connect/.next/server/webpack-runtime.js:1:1418)
    at /Users/lewis/Desktop/HR System/motion-connect/.next/server/webpack-runtime.js:1:889
    at Array.reduce (<anonymous>)
    at t.e (/Users/lewis/Desktop/HR System/motion-connect/.next/server/webpack-runtime.js:1:868)
    at Array.map (<anonymous>)
    at t.X (/Users/lewis/Desktop/HR System/motion-connect/.next/server/webpack-runtime.js:1:1189)
    at /Users/lewis/Desktop/HR System/motion-connect/.next/server/pages/_document.js:63:47
    at Object.<anonymous> (/Users/lewis/Desktop/HR System/motion-connect/.next/server/pages/_document.js:66:3)
    at Module._compile (node:internal/modules/cjs/loader:1730:14)
    at Object..js (node:internal/modules/cjs/loader:1895:10)
    at Module.load (node:internal/modules/cjs/loader:1465:32)
    at Function._load (node:internal/modules/cjs/loader:1282:12)
    at TracingChannel.traceSync (node:diagnostics_channel:322:14)
    at wrapModuleLoad (node:internal/modules/cjs/loader:235:24)
    at Module.<anonymous> (node:internal/modules/cjs/loader:1487:12)
    at mod.require (/Users/lewis/Desktop/HR System/motion-connect/node_modules/next/dist/server/require-hook.js:65:28)
    at require (node:internal/modules/helpers:135:16)
    at requirePage (/Users/lewis/Desktop/HR System/motion-connect/node_modules/next/dist/server/require.js:109:84)
    at /Users/lewis/Desktop/HR System/motion-connect/node_modules/next/dist/server/load-components.js:72:65
    at async Promise.all (index 0)
    at async loadComponentsImpl (/Users/lewis/Desktop/HR System/motion-connect/node_modules/next/dist/server/load-components.js:71:33)
    at async DevServer.findPageComponentsImpl (/Users/lewis/Desktop/HR System/motion-connect/node_modules/next/dist/server/next-server.js:709:36) {
  code: 'MODULE_NOT_FOUND',
  requireStack: [
    '/Users/lewis/Desktop/HR System/motion-connect/.next/server/webpack-runtime.js',
    '/Users/lewis/Desktop/HR System/motion-connect/.next/server/pages/_document.js',
    '/Users/lewis/Desktop/HR System/motion-connect/node_modules/next/dist/server/require.js',
    '/Users/lewis/Desktop/HR System/motion-connect/node_modules/next/dist/server/load-components.js',
    '/Users/lewis/Desktop/HR System/motion-connect/node_modules/next/dist/build/utils.js',
    '/Users/lewis/Desktop/HR System/motion-connect/node_modules/next/dist/server/dev/hot-middleware.js',
    '/Users/lewis/Desktop/HR System/motion-connect/node_modules/next/dist/server/dev/hot-reloader-webpack.js',
    '/Users/lewis/Desktop/HR System/motion-connect/node_modules/next/dist/server/lib/router-utils/setup-dev-bundler.js',
    '/Users/lewis/Desktop/HR System/motion-connect/node_modules/next/dist/server/lib/router-server.js',
    '/Users/lewis/Desktop/HR System/motion-connect/node_modules/next/dist/server/lib/start-server.js'
  ]
}
 GET /api/admin/approve-request 500 in 1695ms
 ✓ Compiled in 70ms (211 modules)
[Error: ENOENT: no such file or directory, stat '/Users/lewis/Desktop/HR System/motion-connect/.next/cache/webpack/server-development/0.pack.gz'] {
  errno: -2,
  code: 'ENOENT',
  syscall: 'stat',
  path: '/Users/lewis/Desktop/HR System/motion-connect/.next/cache/webpack/server-development/0.pack.gz'
}
 ⨯ unhandledRejection: [Error: ENOENT: no such file or directory, stat '/Users/lewis/Desktop/HR System/motion-connect/.next/cache/webpack/server-development/0.pack.gz'] {
  errno: -2,
  code: 'ENOENT',
  syscall: 'stat',
  path: '/Users/lewis/Desktop/HR System/motion-connect/.next/cache/webpack/server-development/0.pack.gz'
}
 ⨯ unhandledRejection: [Error: ENOENT: no such file or directory, stat '/Users/lewis/Desktop/HR System/motion-connect/.next/cache/webpack/server-development/0.pack.gz'] {
  errno: -2,
  code: 'ENOENT',
  syscall: 'stat',
  path: '/Users/lewis/Desktop/HR System/motion-connect/.next/cache/webpack/server-development/0.pack.gz'
}
<w> [webpack.cache.PackFileCacheStrategy] Caching failed for pack: Error: ENOENT: no such file or directory, stat '/Users/lewis/Desktop/HR System/motion-connect/.next/cache/webpack/server-development/0.pack.gz'
 ✓ Compiled in 22ms (48 modules)
 ✓ Compiled /api/admin/approve-request in 42ms (210 modules)
 ○ Compiling /_not-found ...
 ✓ Compiled /_not-found in 1666ms (979 modules)
 GET /api/admin/approve-request 404 in 2047ms
[?25h
